<?xml version="1.0" encoding="utf-8"?><testsuites name="pytest tests"><testsuite name="pytest" errors="0" failures="0" skipped="0" tests="34" time="8.831" timestamp="2026-05-06T18:22:18.299823+00:00" hostname="agent-env-82b4e956-7258-45b1-b2bb-200cab1f8169"><testcase classname="backend.tests.test_leaseflow.TestHealth" name="test_root" time="0.603" /><testcase classname="backend.tests.test_leaseflow.TestHealth" name="test_health" time="0.218" /><testcase classname="backend.tests.test_leaseflow.TestAuth" name="test_admin_login" time="0.363" /><testcase classname="backend.tests.test_leaseflow.TestAuth" name="test_login_bad_pwd" time="0.365" /><testcase classname="backend.tests.test_leaseflow.TestAuth" name="test_me" time="0.148" /><testcase classname="backend.tests.test_leaseflow.TestAuth" name="test_me_no_token" time="0.159" /><testcase classname="backend.tests.test_leaseflow.TestAuth" name="test_team_list" time="0.151" /><testcase classname="backend.tests.test_leaseflow.TestAgents" name="test_list_agents" time="0.152" /><testcase classname="backend.tests.test_leaseflow.TestAgents" name="test_create_duplicate_agent" time="0.313" /><testcase classname="backend.tests.test_leaseflow.TestAgents" name="test_invalid_agent_id_format" time="0.275" /><testcase classname="backend.tests.test_leaseflow.TestAgents" name="test_patch_agent" time="0.145" /><testcase classname="backend.tests.test_leaseflow.TestAgents" name="test_regen_secret" time="0.134" /><testcase classname="backend.tests.test_leaseflow.TestVapiWebhook" name="test_missing_secret_401" time="0.350" /><testcase classname="backend.tests.test_leaseflow.TestVapiWebhook" name="test_wrong_content_type_415" time="0.154" /><testcase classname="backend.tests.test_leaseflow.TestVapiWebhook" name="test_unknown_agent_401" time="0.119" /><testcase classname="backend.tests.test_leaseflow.TestVapiWebhook" name="test_wrong_secret_401" time="0.162" /><testcase classname="backend.tests.test_leaseflow.TestVapiWebhook" name="test_body_too_large_413" time="0.182" /><testcase classname="backend.tests.test_leaseflow.TestVapiWebhook" name="test_capture_lead_success" time="0.141" /><testcase classname="backend.tests.test_leaseflow.TestVapiWebhook" name="test_capture_lead_global_secret" time="0.149" /><testcase classname="backend.tests.test_leaseflow.TestVapiWebhook" name="test_idempotency_replay" time="0.303" /><testcase classname="backend.tests.test_leaseflow.TestVapiWebhook" name="test_vapi_event_status_update" time="0.149" /><testcase classname="backend.tests.test_leaseflow.TestVapiWebhook" name="test_invalid_payload_400" time="0.151" /><testcase classname="backend.tests.test_leaseflow.TestLeads" name="test_list_leads" time="0.144" /><testcase classname="backend.tests.test_leaseflow.TestLeads" name="test_create_get_update_delete" time="0.884" /><testcase classname="backend.tests.test_leaseflow.TestLeads" name="test_filters" time="0.187" /><testcase classname="backend.tests.test_leaseflow.TestLeads" name="test_csv_export" time="0.171" /><testcase classname="backend.tests.test_leaseflow.TestMisc" name="test_stats" time="0.135" /><testcase classname="backend.tests.test_leaseflow.TestMisc" name="test_setup_info" time="0.137" /><testcase classname="backend.tests.test_leaseflow.TestMisc" name="test_setup_test_webhook_valid" time="0.252" /><testcase classname="backend.tests.test_leaseflow.TestMisc" name="test_setup_test_webhook_bad" time="0.173" /><testcase classname="backend.tests.test_leaseflow.TestMisc" name="test_sheets_config_get_initial" time="0.219" /><testcase classname="backend.tests.test_leaseflow.TestMisc" name="test_sheets_config_invalid_json_400" time="0.135" /><testcase classname="backend.tests.test_leaseflow.TestMisc" name="test_demo_seed_then_clear" time="0.346" /><testcase classname="backend.tests.test_leaseflow.TestMisc" name="test_webhook_logs" time="1.002" /></testsuite></testsuites>